Determining if the pthread_create exist failed with the following output:
Change Dir: /home/kundan/catkin_ws/build/CMakeFiles/CMakeTmp

Run Build Command:"/usr/bin/make" "cmTC_9a3ff/fast"
/usr/bin/make -f CMakeFiles/cmTC_9a3ff.dir/build.make CMakeFiles/cmTC_9a3ff.dir/build
make[1]: Entering directory '/home/kundan/catkin_ws/build/CMakeFiles/CMakeTmp'
Building C object CMakeFiles/cmTC_9a3ff.dir/CheckSymbolExists.c.o
/usr/bin/cc    -o CMakeFiles/cmTC_9a3ff.dir/CheckSymbolExists.c.o   -c /home/kundan/catkin_ws/build/CMakeFiles/CMakeTmp/CheckSymbolExists.c
Linking C executable cmTC_9a3ff
/usr/bin/cmake -E cmake_link_script CMakeFiles/cmTC_9a3ff.dir/link.txt --verbose=1
/usr/bin/cc      -rdynamic CMakeFiles/cmTC_9a3ff.dir/CheckSymbolExists.c.o  -o cmTC_9a3ff 
CMakeFiles/cmTC_9a3ff.dir/CheckSymbolExists.c.o: In function `main':
CheckSymbolExists.c:(.text+0x1b): undefined reference to `pthread_create'
collect2: error: ld returned 1 exit status
CMakeFiles/cmTC_9a3ff.dir/build.make:97: recipe for target 'cmTC_9a3ff' failed
make[1]: *** [cmTC_9a3ff] Error 1
make[1]: Leaving directory '/home/kundan/catkin_ws/build/CMakeFiles/CMakeTmp'
Makefile:126: recipe for target 'cmTC_9a3ff/fast' failed
make: *** [cmTC_9a3ff/fast] Error 2

File /home/kundan/catkin_ws/build/CMakeFiles/CMakeTmp/CheckSymbolExists.c:
/* */
#include <pthread.h>

int main(int argc, char** argv)
{
  (void)argv;
#ifndef pthread_create
  return ((int*)(&pthread_create))[argc];
#else
  (void)argc;
  return 0;
#endif
}

Determining if the function pthread_create exists in the pthreads failed with the following output:
Change Dir: /home/kundan/catkin_ws/build/CMakeFiles/CMakeTmp

Run Build Command:"/usr/bin/make" "cmTC_154b9/fast"
/usr/bin/make -f CMakeFiles/cmTC_154b9.dir/build.make CMakeFiles/cmTC_154b9.dir/build
make[1]: Entering directory '/home/kundan/catkin_ws/build/CMakeFiles/CMakeTmp'
Building C object CMakeFiles/cmTC_154b9.dir/CheckFunctionExists.c.o
/usr/bin/cc   -DCHECK_FUNCTION_EXISTS=pthread_create   -o CMakeFiles/cmTC_154b9.dir/CheckFunctionExists.c.o   -c /usr/share/cmake-3.10/Modules/CheckFunctionExists.c
Linking C executable cmTC_154b9
/usr/bin/cmake -E cmake_link_script CMakeFiles/cmTC_154b9.dir/link.txt --verbose=1
/usr/bin/cc  -DCHECK_FUNCTION_EXISTS=pthread_create    -rdynamic CMakeFiles/cmTC_154b9.dir/CheckFunctionExists.c.o  -o cmTC_154b9 -lpthreads 
/usr/bin/ld: cannot find -lpthreads
collect2: error: ld returned 1 exit status
CMakeFiles/cmTC_154b9.dir/build.make:97: recipe for target 'cmTC_154b9' failed
make[1]: *** [cmTC_154b9] Error 1
make[1]: Leaving directory '/home/kundan/catkin_ws/build/CMakeFiles/CMakeTmp'
Makefile:126: recipe for target 'cmTC_154b9/fast' failed
make: *** [cmTC_154b9/fast] Error 2


